<?xml version="1.0" encoding="UTF-8"?>
<testng-results ignored="0" total="1" passed="1" failed="0" skipped="0">
  <reporter-output>
  </reporter-output>
  <suite started-at="2022-06-27T13:45:02 PDT" name="Default suite" finished-at="2022-06-27T13:45:08 PDT" duration-ms="5360">
    <groups>
    </groups>
    <test started-at="2022-06-27T13:45:02 PDT" name="Default test" finished-at="2022-06-27T13:45:08 PDT" duration-ms="5360">
      <class name="variousConcepts.learnTestNG">
        <test-method is-config="true" signature="init()[pri:0, instance:variousConcepts.learnTestNG@378542de]" started-at="2022-06-27T13:45:02 PDT" name="init" finished-at="2022-06-27T13:45:08 PDT" duration-ms="5274" status="PASS">
          <reporter-output>
          </reporter-output>
        </test-method> <!-- init -->
        <test-method signature="loginTest()[pri:0, instance:variousConcepts.learnTestNG@378542de]" started-at="2022-06-27T13:45:08 PDT" name="loginTest" finished-at="2022-06-27T13:45:08 PDT" duration-ms="11" status="PASS">
          <reporter-output>
          </reporter-output>
        </test-method> <!-- loginTest -->
      </class> <!-- variousConcepts.learnTestNG -->
    </test> <!-- Default test -->
  </suite> <!-- Default suite -->
</testng-results>
